Unity Editor version:    2020.3.25f1 (9b9180224418)
Branch:                  2020.3/staging
Build type:              Release
Batch mode:              YES
macOS version:           Version 11.6.5 (Build 20G527)
Darwin version:          20.6.0
Architecture:            x86_64
Running under Rosetta:   NO
Available memory:        16384 MB
Using pre-set license
Pro License: NO

COMMAND LINE ARGUMENTS:
/Applications/Unity/Hub/Editor/2020.3.25f1/Unity.app/Contents/MacOS/Unity
-adb2
-batchMode
-noUpm
-name
AssetImportWorker0
-projectPath
/Users/yourmajesty/Desktop/嗶嗶嗶嗶嗶嗶/Planet2/Planet
-logFile
Logs/AssetImportWorker0.log
-srvPort
51196
Successfully changed project path to: /Users/yourmajesty/Desktop/嗶嗶嗶嗶嗶嗶/Planet2/Planet
/Users/yourmajesty/Desktop/嗶嗶嗶嗶嗶嗶/Planet2/Planet
Using Asset Import Pipeline V2.
Refreshing native plugins compatible for Editor in 47.89 ms, found 2 plugins.
Preloading 0 native plugins for Editor in 0.00 ms.
Initialize engine version: 2020.3.25f1 (9b9180224418)
[Subsystems] Discovering subsystems at path /Applications/Unity/Hub/Editor/2020.3.25f1/Unity.app/Contents/Resources/UnitySubsystems
[Subsystems] Discovering subsystems at path /Users/yourmajesty/Desktop/嗶嗶嗶嗶嗶嗶/Planet2/Planet/Assets
GfxDevice: creating device client; threaded=0
2022-06-15 23:18:24.877 Unity[21719:2451511] Color LCD preferred device: Intel(R) UHD Graphics 630 (low power)
2022-06-15 23:18:24.877 Unity[21719:2451511] Metal devices available: 2
2022-06-15 23:18:24.877 Unity[21719:2451511] 0: AMD Radeon Pro 5500M (high power)
2022-06-15 23:18:24.877 Unity[21719:2451511] 1: Intel(R) UHD Graphics 630 (low power)
2022-06-15 23:18:24.878 Unity[21719:2451511] Using device AMD Radeon Pro 5500M (high power)
Initializing Metal device caps: AMD Radeon Pro 5500M
Initialize mono
Mono path[0] = '/Applications/Unity/Hub/Editor/2020.3.25f1/Unity.app/Contents/Managed'
Mono path[1] = '/Applications/Unity/Hub/Editor/2020.3.25f1/Unity.app/Contents/MonoBleedingEdge/lib/mono/unityjit'
Mono config path = '/Applications/Unity/Hub/Editor/2020.3.25f1/Unity.app/Contents/MonoBleedingEdge/etc'
Using monoOptions --debugger-agent=transport=dt_socket,embedding=1,server=y,suspend=n,address=127.0.0.1:56719
Begin MonoManager ReloadAssembly
Registering precompiled unity dll's ...
Register platform support module: /Applications/Unity/Hub/Editor/2020.3.25f1/Unity.app/Contents/PlaybackEngines/MacStandaloneSupport/UnityEditor.OSXStandalone.Extensions.dll
Registered in 0.003457 seconds.
Native extension for OSXStandalone target not found
Refreshing native plugins compatible for Editor in 32.10 ms, found 2 plugins.
Preloading 0 native plugins for Editor in 0.00 ms.
Mono: successfully reloaded assembly
- Completed reload, in  0.643 seconds
Domain Reload Profiling:
	ReloadAssembly (644ms)
		BeginReloadAssembly (46ms)
			ExecutionOrderSort (0ms)
			DisableScriptedObjects (0ms)
			BackupInstance (0ms)
			ReleaseScriptingObjects (0ms)
			CreateAndSetChildDomain (1ms)
		EndReloadAssembly (514ms)
			LoadAssemblies (46ms)
			RebuildTransferFunctionScriptingTraits (0ms)
			SetupTypeCache (195ms)
			ReleaseScriptCaches (0ms)
			RebuildScriptCaches (40ms)
			SetupLoadedEditorAssemblies (184ms)
				LogAssemblyErrors (0ms)
				InitializePlatformSupportModulesInManaged (4ms)
				SetLoadedEditorAssemblies (0ms)
				RefreshPlugins (32ms)
				BeforeProcessingInitializeOnLoad (11ms)
				ProcessInitializeOnLoadAttributes (104ms)
				ProcessInitializeOnLoadMethodAttributes (33ms)
				AfterProcessingInitializeOnLoad (0ms)
				EditorAssembliesLoaded (0ms)
			ExecutionOrderSort2 (0ms)
			AwakeInstancesAfterBackupRestoration (0ms)
Platform modules already initialized, skipping
Registering precompiled user dll's ...
Registered in 0.007451 seconds.
Begin MonoManager ReloadAssembly
Native extension for OSXStandalone target not found
Refreshing native plugins compatible for Editor in 0.32 ms, found 2 plugins.
Preloading 0 native plugins for Editor in 0.00 ms.
Mono: successfully reloaded assembly
- Completed reload, in  1.154 seconds
Domain Reload Profiling:
	ReloadAssembly (1156ms)
		BeginReloadAssembly (163ms)
			ExecutionOrderSort (0ms)
			DisableScriptedObjects (5ms)
			BackupInstance (0ms)
			ReleaseScriptingObjects (0ms)
			CreateAndSetChildDomain (34ms)
		EndReloadAssembly (928ms)
			LoadAssemblies (98ms)
			RebuildTransferFunctionScriptingTraits (0ms)
			SetupTypeCache (342ms)
			ReleaseScriptCaches (0ms)
			RebuildScriptCaches (54ms)
			SetupLoadedEditorAssemblies (319ms)
				LogAssemblyErrors (0ms)
				InitializePlatformSupportModulesInManaged (4ms)
				SetLoadedEditorAssemblies (1ms)
				RefreshPlugins (0ms)
				BeforeProcessingInitializeOnLoad (75ms)
				ProcessInitializeOnLoadAttributes (224ms)
				ProcessInitializeOnLoadMethodAttributes (13ms)
				AfterProcessingInitializeOnLoad (1ms)
				EditorAssembliesLoaded (0ms)
			ExecutionOrderSort2 (0ms)
			AwakeInstancesAfterBackupRestoration (8ms)
Platform modules already initialized, skipping
Validating Project structure ... 0.002159 seconds.
Shader import version has changed; will reimport all shaders...
Upgrading shader files ...0.004612 seconds.
Application.AssetDatabase Initial Script Refresh Start
RefreshInfo: InitialScriptRefreshV2(NoUpdateAssetOptions) scanfilter:  ... 1 filters
RefreshProfiler: Total: 0.000ms
Application.AssetDatabase Initial Script Refresh End
Application.AssetDatabase.Refresh Start
Application.AssetDatabase.Refresh End
RefreshInfo: StopAssetImportingV2(ForceSynchronousImport) scanfilter: 
RefreshProfiler: Total: 0.000ms
Launching external process: /Applications/Unity/Hub/Editor/2020.3.25f1/Unity.app/Contents/Tools/UnityShaderCompiler
Launched and connected shader compiler UnityShaderCompiler after 0.01 seconds
Initializing Unity extensions:
========================================================================
Worker process is ready to serve import requests
Refreshing native plugins compatible for Editor in 0.34 ms, found 2 plugins.
Preloading 0 native plugins for Editor in 0.00 ms.
Unloading 1632 Unused Serialized files (Serialized files now loaded: 0)
System memory in use before: 192.7 MB.
System memory in use after: 192.5 MB.

Unloading 86 unused Assets to reduce memory usage. Loaded Objects now: 2124.
Total: 2.940282 ms (FindLiveObjects: 0.142007 ms CreateObjectMapping: 0.050282 ms MarkObjects: 2.554291 ms  DeleteObjects: 0.192975 ms)

AssetImportParameters requested are different than current active one (requested -> active):
  custom:video-decoder-ogg-theora: a1e56fd34408186e4bbccfd4996cb3dc -> 
  custom:container-muxer-webm: aa71ff27fc2769a1b78a27578f13a17b -> 
  custom:container-demuxer-webm: 4f35f7cbe854078d1ac9338744f61a02 -> 
  custom:container-demuxer-ogg: 62fdf1f143b41e24485cea50d1cbac27 -> 
  custom:video-encoder-webm-vp8: eb34c28f22e8b96e1ab97ce403110664 -> 
  custom:framework-osx-AVFoundation: e770b220cccbd017edd2c1fefb359320 -> 
  custom:video-decoder-webm-vp8: 9c59270c3fd7afecdb556c50c9e8de78 -> 
  custom:audio-decoder-ogg-vorbis: bf7c407c2cedff20999df2af8eb42d56 -> 
  custom:audio-encoder-webm-vorbis: bf7c407c2cedff20999df2af8eb42d56 -> 
========================================================================
Received Import Request.
  path: Assets/鬱金香星球
  artifactKey: Guid(de24449adf6d14ecbae5484e5b3ae19b) Importer(815301076,1909f56bfc062723c751e8b465ee728b)
Start importing Assets/鬱金香星球 using Guid(de24449adf6d14ecbae5484e5b3ae19b) Importer(815301076,1909f56bfc062723c751e8b465ee728b)  -> (artifact id: 'a0da87b086f426d1cd566b32c7f66584') in 0.004553 seconds 
  Import took 0.008071 seconds .

========================================================================
Received Import Request.
  Time since last request: 0.092849 seconds.
  path: Assets/鬱金香星球/會動鬱金香.FBX
  artifactKey: Guid(97f2c54fcb3594d458cddbe4479d006a) Importer(815301076,1909f56bfc062723c751e8b465ee728b)
Start importing Assets/鬱金香星球/會動鬱金香.FBX using Guid(97f2c54fcb3594d458cddbe4479d006a) Importer(815301076,1909f56bfc062723c751e8b465ee728b)  -> (artifact id: '52fe9b4a6720c4b82578741f490cbb6e') in 1.753364 seconds 
  Import took 1.761652 seconds .

========================================================================
Received Import Request.
  Time since last request: 0.000296 seconds.
  path: Assets/鬱金香星球/涼亭2.FBX
  artifactKey: Guid(7db758302078844b48590f50409c2cb7) Importer(815301076,1909f56bfc062723c751e8b465ee728b)
Start importing Assets/鬱金香星球/涼亭2.FBX using Guid(7db758302078844b48590f50409c2cb7) Importer(815301076,1909f56bfc062723c751e8b465ee728b)  -> (artifact id: '6adc055393b82b0d523835ee522dafa7') in 0.916046 seconds 
  Import took 0.924419 seconds .

========================================================================
Received Import Request.
  Time since last request: 0.000217 seconds.
  path: Assets/鬱金香星球/路燈new.FBX
  artifactKey: Guid(6288505a8d53d41689f09e531f0c238f) Importer(815301076,1909f56bfc062723c751e8b465ee728b)
Start importing Assets/鬱金香星球/路燈new.FBX using Guid(6288505a8d53d41689f09e531f0c238f) Importer(815301076,1909f56bfc062723c751e8b465ee728b)  -> (artifact id: '1d1a3fff8ccf5aaf52e8c6cfd0849279') in 0.604181 seconds 
  Import took 0.608973 seconds .

========================================================================
Received Import Request.
  Time since last request: 0.000262 seconds.
  path: Assets/鬱金香星球/涼亭1.FBX
  artifactKey: Guid(7ef0214f3cbe7430cb3bfd780fbf77c5) Importer(815301076,1909f56bfc062723c751e8b465ee728b)
Start importing Assets/鬱金香星球/涼亭1.FBX using Guid(7ef0214f3cbe7430cb3bfd780fbf77c5) Importer(815301076,1909f56bfc062723c751e8b465ee728b)  -> (artifact id: 'd0f938643febe370bcdd0425045c353f') in 0.809398 seconds 
  Import took 0.817015 seconds .

========================================================================
Received Prepare
Registering precompiled user dll's ...
Registered in 0.005260 seconds.
Begin MonoManager ReloadAssembly
Native extension for OSXStandalone target not found
Refreshing native plugins compatible for Editor in 0.32 ms, found 2 plugins.
Preloading 0 native plugins for Editor in 0.00 ms.
Mono: successfully reloaded assembly
- Completed reload, in  1.186 seconds
Domain Reload Profiling:
	ReloadAssembly (1187ms)
		BeginReloadAssembly (118ms)
			ExecutionOrderSort (0ms)
			DisableScriptedObjects (5ms)
			BackupInstance (0ms)
			ReleaseScriptingObjects (0ms)
			CreateAndSetChildDomain (57ms)
		EndReloadAssembly (1003ms)
			LoadAssemblies (72ms)
			RebuildTransferFunctionScriptingTraits (0ms)
			SetupTypeCache (397ms)
			ReleaseScriptCaches (1ms)
			RebuildScriptCaches (51ms)
			SetupLoadedEditorAssemblies (324ms)
				LogAssemblyErrors (0ms)
				InitializePlatformSupportModulesInManaged (4ms)
				SetLoadedEditorAssemblies (1ms)
				RefreshPlugins (0ms)
				BeforeProcessingInitializeOnLoad (105ms)
				ProcessInitializeOnLoadAttributes (204ms)
				ProcessInitializeOnLoadMethodAttributes (8ms)
				AfterProcessingInitializeOnLoad (1ms)
				EditorAssembliesLoaded (0ms)
			ExecutionOrderSort2 (0ms)
			AwakeInstancesAfterBackupRestoration (7ms)
Platform modules already initialized, skipping
Switching build target platform(2) subTarget(0) extendedPlatform(0) -> platform(13) subTarget(537395200) extendedPlatform(0)
Refreshing native plugins compatible for Editor in 0.33 ms, found 2 plugins.
Preloading 0 native plugins for Editor in 0.00 ms.
Unloading 1600 Unused Serialized files (Serialized files now loaded: 0)
System memory in use before: 203.9 MB.
System memory in use after: 204.0 MB.

Unloading 15 unused Assets to reduce memory usage. Loaded Objects now: 2181.
Total: 2.793911 ms (FindLiveObjects: 0.112747 ms CreateObjectMapping: 0.041051 ms MarkObjects: 2.627705 ms  DeleteObjects: 0.011624 ms)

AssetImportParameters requested are different than current active one (requested -> active):
  custom:video-decoder-ogg-theora: a1e56fd34408186e4bbccfd4996cb3dc -> 
  custom:container-muxer-webm: aa71ff27fc2769a1b78a27578f13a17b -> 
  custom:container-demuxer-webm: 4f35f7cbe854078d1ac9338744f61a02 -> 
  custom:container-demuxer-ogg: 62fdf1f143b41e24485cea50d1cbac27 -> 
  custom:video-encoder-webm-vp8: eb34c28f22e8b96e1ab97ce403110664 -> 
  custom:framework-osx-AVFoundation: e770b220cccbd017edd2c1fefb359320 -> 
  custom:video-decoder-webm-vp8: 9c59270c3fd7afecdb556c50c9e8de78 -> 
  custom:graphics/normal-map-encoding: 01000000000000000000000000000000 -> 02000000000000000000000000000000
  custom:audio-decoder-ogg-vorbis: bf7c407c2cedff20999df2af8eb42d56 -> 
  custom:audio-encoder-webm-vorbis: bf7c407c2cedff20999df2af8eb42d56 -> 
========================================================================
Received Import Request.
  Time since last request: 312.075590 seconds.
  path: Assets/鬱金香星球/涼亭1.FBX
  artifactKey: Guid(7ef0214f3cbe7430cb3bfd780fbf77c5) Importer(815301076,1909f56bfc062723c751e8b465ee728b)
Start importing Assets/鬱金香星球/涼亭1.FBX using Guid(7ef0214f3cbe7430cb3bfd780fbf77c5) Importer(815301076,1909f56bfc062723c751e8b465ee728b)  -> (artifact id: '9bbd00de2b002afcd7185829a5885501') in 0.468743 seconds 
  Import took 0.476725 seconds .

========================================================================
Received Import Request.
  Time since last request: 11.862011 seconds.
  path: Assets/鬱金香星球/涼亭2.FBX
  artifactKey: Guid(7db758302078844b48590f50409c2cb7) Importer(815301076,1909f56bfc062723c751e8b465ee728b)
Start importing Assets/鬱金香星球/涼亭2.FBX using Guid(7db758302078844b48590f50409c2cb7) Importer(815301076,1909f56bfc062723c751e8b465ee728b)  -> (artifact id: '3989466e9b147e6efe600f7840e29c55') in 0.385624 seconds 
  Import took 0.392556 seconds .

========================================================================
Received Import Request.
  Time since last request: 79.896438 seconds.
  path: Assets/鬱金香星球/涼亭1.fbm
  artifactKey: Guid(8a94d0647c7814703b77321df1e52877) Importer(815301076,1909f56bfc062723c751e8b465ee728b)
Start importing Assets/鬱金香星球/涼亭1.fbm using Guid(8a94d0647c7814703b77321df1e52877) Importer(815301076,1909f56bfc062723c751e8b465ee728b)  -> (artifact id: 'cbfdce0d5c318966d55cd14730a7c30e') in 0.001841 seconds 
  Import took 0.005612 seconds .

========================================================================
Received Import Request.
  Time since last request: 0.084763 seconds.
  path: Assets/鬱金香星球/涼亭1.fbm/k_工作區域 1.jpg
  artifactKey: Guid(7637b2e168a964f45b9538f2b4bf4438) Importer(815301076,1909f56bfc062723c751e8b465ee728b)
Start importing Assets/鬱金香星球/涼亭1.fbm/k_工作區域 1.jpg using Guid(7637b2e168a964f45b9538f2b4bf4438) Importer(815301076,1909f56bfc062723c751e8b465ee728b)  -> (artifact id: '56c2968130b8cec5c121d592440f14c5') in 1.173000 seconds 
  Import took 1.181325 seconds .

========================================================================
Received Import Request.
  Time since last request: 0.000330 seconds.
  path: Assets/鬱金香星球/涼亭1.fbm/q-01.jpg
  artifactKey: Guid(b5edd9491b3e44a0da15209ff380dce1) Importer(815301076,1909f56bfc062723c751e8b465ee728b)
Start importing Assets/鬱金香星球/涼亭1.fbm/q-01.jpg using Guid(b5edd9491b3e44a0da15209ff380dce1) Importer(815301076,1909f56bfc062723c751e8b465ee728b)  -> (artifact id: 'afb207c5317ce478fe3a8049750160a1') in 0.043978 seconds 
  Import took 0.047062 seconds .

========================================================================
Received Import Request.
  Time since last request: 0.000261 seconds.
  path: Assets/鬱金香星球/涼亭1.fbm/n_工作區域 1.jpg
  artifactKey: Guid(6d653766b88ff418d8846b80fe52d153) Importer(815301076,1909f56bfc062723c751e8b465ee728b)
Start importing Assets/鬱金香星球/涼亭1.fbm/n_工作區域 1.jpg using Guid(6d653766b88ff418d8846b80fe52d153) Importer(815301076,1909f56bfc062723c751e8b465ee728b)  -> (artifact id: 'dce35da0d21837b5ace170beea1a676f') in 0.040024 seconds 
  Import took 0.043286 seconds .

========================================================================
Received Import Request.
  Time since last request: 0.000273 seconds.
  path: Assets/鬱金香星球/涼亭1.fbm/m_工作區域 1.jpg
  artifactKey: Guid(6fbe6fb422cde4c808319345b08b381d) Importer(815301076,1909f56bfc062723c751e8b465ee728b)
Start importing Assets/鬱金香星球/涼亭1.fbm/m_工作區域 1.jpg using Guid(6fbe6fb422cde4c808319345b08b381d) Importer(815301076,1909f56bfc062723c751e8b465ee728b)  -> (artifact id: '6a088e6e2103f888b31fee1f4dc34f00') in 0.041998 seconds 
  Import took 0.045066 seconds .

========================================================================
Received Import Request.
  Time since last request: 0.000235 seconds.
  path: Assets/鬱金香星球/涼亭1.fbm/o_工作區域 1.jpg
  artifactKey: Guid(ece6b835eefb3448485f42917b94902f) Importer(815301076,1909f56bfc062723c751e8b465ee728b)
Start importing Assets/鬱金香星球/涼亭1.fbm/o_工作區域 1.jpg using Guid(ece6b835eefb3448485f42917b94902f) Importer(815301076,1909f56bfc062723c751e8b465ee728b)  -> (artifact id: '09f96c3290818855d9692c3542fdeef8') in 0.040383 seconds 
  Import took 0.043915 seconds .

========================================================================
Received Import Request.
  Time since last request: 2768.637870 seconds.
  path: Assets/白罌粟
  artifactKey: Guid(a7eb565d34bcf4004ab22117c39e33d1) Importer(815301076,1909f56bfc062723c751e8b465ee728b)
Start importing Assets/白罌粟 using Guid(a7eb565d34bcf4004ab22117c39e33d1) Importer(815301076,1909f56bfc062723c751e8b465ee728b)  -> (artifact id: 'f86f11961aa612b25f9ca980b335a8a2') in 0.003422 seconds 
  Import took 0.006550 seconds .

========================================================================
Received Import Request.
  Time since last request: 0.078978 seconds.
  path: Assets/白罌粟/白罌粟housebrown.FBX
  artifactKey: Guid(2327c7eeb644b4b4d940175a88d711ca) Importer(815301076,1909f56bfc062723c751e8b465ee728b)
Start importing Assets/白罌粟/白罌粟housebrown.FBX using Guid(2327c7eeb644b4b4d940175a88d711ca) Importer(815301076,1909f56bfc062723c751e8b465ee728b)  -> (artifact id: '48273dcacbc7bff774bc71e4259e891c') in 0.257479 seconds 
  Import took 0.264072 seconds .

========================================================================
Received Import Request.
  Time since last request: 0.000275 seconds.
  path: Assets/白罌粟/白罌粟花葉子2.FBX
  artifactKey: Guid(c7bbb91dd5f7b47688bbee0c602f0010) Importer(815301076,1909f56bfc062723c751e8b465ee728b)
Start importing Assets/白罌粟/白罌粟花葉子2.FBX using Guid(c7bbb91dd5f7b47688bbee0c602f0010) Importer(815301076,1909f56bfc062723c751e8b465ee728b)  -> (artifact id: 'bb868444cee0c14ca54e031a55b31ecb') in 0.203488 seconds 
  Import took 0.207689 seconds .

========================================================================
Received Import Request.
  Time since last request: 0.000215 seconds.
  path: Assets/白罌粟/白罌粟路燈.FBX
  artifactKey: Guid(c7a4d7633e34b4cf6a18521671abf3ec) Importer(815301076,1909f56bfc062723c751e8b465ee728b)
Start importing Assets/白罌粟/白罌粟路燈.FBX using Guid(c7a4d7633e34b4cf6a18521671abf3ec) Importer(815301076,1909f56bfc062723c751e8b465ee728b)  -> (artifact id: 'fb9239eea2d2e3863a0e40fd2ded8333') in 0.131059 seconds 
  Import took 0.135435 seconds .

========================================================================
Received Import Request.
  Time since last request: 0.000210 seconds.
  path: Assets/白罌粟/白罌粟花葉子.FBX
  artifactKey: Guid(d6bbb3e57147648caa79a008f8e8aea6) Importer(815301076,1909f56bfc062723c751e8b465ee728b)
Start importing Assets/白罌粟/白罌粟花葉子.FBX using Guid(d6bbb3e57147648caa79a008f8e8aea6) Importer(815301076,1909f56bfc062723c751e8b465ee728b)  -> (artifact id: '277eec88634b23fcc2668a82f3fcea12') in 0.214377 seconds 
  Import took 0.218944 seconds .

========================================================================
Received Import Request.
  Time since last request: 0.000251 seconds.
  path: Assets/白罌粟/白罌粟路牌.FBX
  artifactKey: Guid(8e6fe6027c4f84bcab397bbfca8fbdc2) Importer(815301076,1909f56bfc062723c751e8b465ee728b)
Start importing Assets/白罌粟/白罌粟路牌.FBX using Guid(8e6fe6027c4f84bcab397bbfca8fbdc2) Importer(815301076,1909f56bfc062723c751e8b465ee728b)  -> (artifact id: '1122e3b0b81ed60df3a85dff52e58971') in 0.101069 seconds 
  Import took 0.106034 seconds .

